2024-10-04 10:09:53 [Information] Sale transaction amount: 9.95
2024-10-04 10:10:41 [Information] Printout:
2024-10-04 10:10:41 [Information] Printout:
2024-10-04 10:10:41 [Information] Transaction result: accepted.
2024-10-04 10:15:15 [Information] Sale transaction amount: 11
2024-10-04 10:15:35 [Information] Printout:
2024-10-04 10:15:35 [Information] Printout:
2024-10-04 10:15:35 [Information] Transaction result: accepted.
2024-10-04 10:16:32 [Information] Sale transaction amount: 12
2024-10-04 10:17:04 [Information] Printout:
2024-10-04 10:17:04 [Information] Printout:
2024-10-04 10:17:04 [Information] Transaction result: accepted.
2024-10-04 10:21:05 [Information] Sale transaction amount: 11
2024-10-04 10:21:20 [Information] Printout:
2024-10-04 10:21:21 [Information] Printout:
2024-10-04 10:21:21 [Information] Transaction result: accepted.
2024-10-04 10:21:44 [Information] Sale transaction amount: 12
2024-10-04 10:22:09 [Information] Printout:
2024-10-04 10:22:10 [Information] Printout:
2024-10-04 10:22:10 [Information] Transaction result: accepted.
2024-10-04 10:22:27 [Information] Sale transaction amount: 13
2024-10-04 10:22:53 [Information] Printout:
2024-10-04 10:22:53 [Information] Transaction result: accepted.
2024-10-04 10:23:09 [Information] Sale transaction amount: 14
2024-10-04 10:23:46 [Information] Printout:
2024-10-04 10:23:46 [Information] Printout:
2024-10-04 10:23:46 [Warning] Transaction result: refused.
2024-10-04 10:24:33 [Information] Sale transaction amount: 17.55
2024-10-04 10:24:57 [Information] Printout:
2024-10-04 10:24:57 [Information] Printout:
2024-10-04 10:24:58 [Warning] Transaction result: refused.
2024-10-04 10:25:48 [Information] Sale transaction amount: 18.04
2024-10-04 10:26:09 [Information] Printout:
2024-10-04 10:26:09 [Information] Printout:
2024-10-04 10:26:09 [Warning] Transaction result: refused.
2024-10-04 10:28:34 [Information] Sale transaction amount: 23
2024-10-04 10:28:34 [Warning] Sale transaction. Read batch operation needed.
2024-10-04 10:30:42 [Information] Sale transaction amount: 23
2024-10-04 10:31:55 [Information] Printout:
2024-10-04 10:31:55 [Information] Printout:
2024-10-04 10:31:55 [Information] Transaction result: accepted.
